[mybatis_demo2][INFO] [2017-06-15 19:39:40] org.springframework.context.support.AbstractApplicationContext.prepareRefresh(581) | Refreshing org.springframework.context.support.ClassPathXmlApplicationContext@2c22f3: startup date [Thu Jun 15 19:39:40 CST 2017]; root of context hierarchy
[mybatis_demo2][INFO] [2017-06-15 19:39:40] org.springframework.beans.factory.xml.XmlBeanDefinitionReader.loadBeanDefinitions(317) | Loading XML bean definitions from class path resource [spring-mybatis.xml]
[mybatis_demo2][INFO] [2017-06-15 19:39:42] com.mchange.v2.log.MLog$1.run(124) | MLog clients using log4j logging.
[mybatis_demo2][INFO] [2017-06-15 19:39:43] com.mchange.v2.c3p0.C3P0Registry.banner(248) | Initializing c3p0-0.9.5-pre10 [built 06-November-2014 02:02:55 -0800; debug? true; trace: 10]
[mybatis_demo2][INFO] [2017-06-15 19:39:45] com.mchange.v2.c3p0.impl.AbstractPoolBackedDataSource.getPoolManager(522) | Initializing c3p0 pool... com.mchange.v2.c3p0.ComboPooledDataSource [ acquireIncrement -> 2, acquireRetryAttempts -> 30, acquireRetryDelay -> 1000, autoCommitOnClose -> false, automaticTestTable -> null, breakAfterAcquireFailure -> false, checkoutTimeout -> 0, connectionCustomizerClassName -> null, connectionTesterClassName -> com.mchange.v2.c3p0.impl.DefaultConnectionTester, contextClassLoaderSource -> caller, dataSourceName -> 1hgeby99o1bll1e5hthvq|139b2f3, debugUnreturnedConnectionStackTraces -> false, description -> null, driverClass -> com.mysql.jdbc.Driver, extensions -> {}, factoryClassLocation -> null, forceIgnoreUnresolvedTransactions -> false, forceUseNamedDriverClass -> false, identityToken -> 1hgeby99o1bll1e5hthvq|139b2f3, idleConnectionTestPeriod -> 120, initialPoolSize -> 3, jdbcUrl -> jdbc:mysql://localhost:3306/scxh, maxAdministrativeTaskTime -> 0, maxConnectionAge -> 0, maxIdleTime -> 3600, maxIdleTimeExcessConnections -> 0, maxPoolSize -> 3, maxStatements -> 100, maxStatementsPerConnection -> 0, minPoolSize -> 2, numHelperThreads -> 3, preferredTestQuery -> null, privilegeSpawnedThreads -> false, properties -> {user=******, password=******}, propertyCycle -> 0, statementCacheNumDeferredCloseThreads -> 0, testConnectionOnCheckin -> false, testConnectionOnCheckout -> false, unreturnedConnectionTimeout -> 0, userOverrides -> {}, usesTraditionalReflectiveProxies -> false ]
[mybatis_demo2][INFO] [2017-06-15 19:40:34] org.springframework.context.support.AbstractApplicationContext.prepareRefresh(581) | Refreshing org.springframework.context.support.ClassPathXmlApplicationContext@2c22f3: startup date [Thu Jun 15 19:40:34 CST 2017]; root of context hierarchy
[mybatis_demo2][INFO] [2017-06-15 19:40:34] org.springframework.beans.factory.xml.XmlBeanDefinitionReader.loadBeanDefinitions(317) | Loading XML bean definitions from class path resource [spring-mybatis.xml]
[mybatis_demo2][INFO] [2017-06-15 19:40:34] com.mchange.v2.log.MLog$1.run(124) | MLog clients using log4j logging.
[mybatis_demo2][INFO] [2017-06-15 19:40:35] com.mchange.v2.c3p0.C3P0Registry.banner(248) | Initializing c3p0-0.9.5-pre10 [built 06-November-2014 02:02:55 -0800; debug? true; trace: 10]
[mybatis_demo2][INFO] [2017-06-15 19:40:35] com.mchange.v2.c3p0.impl.AbstractPoolBackedDataSource.getPoolManager(522) | Initializing c3p0 pool... com.mchange.v2.c3p0.ComboPooledDataSource [ acquireIncrement -> 2, acquireRetryAttempts -> 30, acquireRetryDelay -> 1000, autoCommitOnClose -> false, automaticTestTable -> null, breakAfterAcquireFailure -> false, checkoutTimeout -> 0, connectionCustomizerClassName -> null, connectionTesterClassName -> com.mchange.v2.c3p0.impl.DefaultConnectionTester, contextClassLoaderSource -> caller, dataSourceName -> 1hgeby99o1blm5i11tbk7p|139b2f3, debugUnreturnedConnectionStackTraces -> false, description -> null, driverClass -> com.mysql.jdbc.Driver, extensions -> {}, factoryClassLocation -> null, forceIgnoreUnresolvedTransactions -> false, forceUseNamedDriverClass -> false, identityToken -> 1hgeby99o1blm5i11tbk7p|139b2f3, idleConnectionTestPeriod -> 120, initialPoolSize -> 3, jdbcUrl -> jdbc:mysql://localhost:3306/scxh?useSSL=true, maxAdministrativeTaskTime -> 0, maxConnectionAge -> 0, maxIdleTime -> 3600, maxIdleTimeExcessConnections -> 0, maxPoolSize -> 3, maxStatements -> 100, maxStatementsPerConnection -> 0, minPoolSize -> 2, numHelperThreads -> 3, preferredTestQuery -> null, privilegeSpawnedThreads -> false, properties -> {user=******, password=******}, propertyCycle -> 0, statementCacheNumDeferredCloseThreads -> 0, testConnectionOnCheckin -> false, testConnectionOnCheckout -> false, unreturnedConnectionTimeout -> 0, userOverrides -> {}, usesTraditionalReflectiveProxies -> false ]
[mybatis_demo2][WARN] [2017-06-15 19:41:07] com.mchange.v2.resourcepool.BasicResourcePool$ScatteredAcquireTask.run(1896) | com.mchange.v2.resourcepool.BasicResourcePool$ScatteredAcquireTask@158187f -- Acquisition Attempt Failed!!! Clearing pending acquires. While trying to acquire a needed new resource, we failed to succeed more than the maximum number of allowed acquisition attempts (30). Last acquisition attempt exception: 
java.sql.SQLException: Access denied for user 'root'@'localhost' (using password: YES)
	at com.mysql.jdbc.SQLError.createSQLException(SQLError.java:963)
	at com.mysql.jdbc.MysqlIO.checkErrorPacket(MysqlIO.java:3966)
	at com.mysql.jdbc.MysqlIO.checkErrorPacket(MysqlIO.java:3902)
	at com.mysql.jdbc.MysqlIO.checkErrorPacket(MysqlIO.java:875)
	at com.mysql.jdbc.MysqlIO.proceedHandshakeWithPluggableAuthentication(MysqlIO.java:1712)
	at com.mysql.jdbc.MysqlIO.doHandshake(MysqlIO.java:1228)
	at com.mysql.jdbc.ConnectionImpl.coreConnect(ConnectionImpl.java:2253)
	at com.mysql.jdbc.ConnectionImpl.connectOneTryOnly(ConnectionImpl.java:2284)
	at com.mysql.jdbc.ConnectionImpl.createNewIO(ConnectionImpl.java:2083)
	at com.mysql.jdbc.ConnectionImpl.<init>(ConnectionImpl.java:806)
	at com.mysql.jdbc.JDBC4Connection.<init>(JDBC4Connection.java:47)
	at sun.reflect.GeneratedConstructorAccessor7.newInstance(Unknown Source)
	at sun.reflect.DelegatingConstructorAccessorImpl.newInstance(Unknown Source)
	at java.lang.reflect.Constructor.newInstance(Unknown Source)
	at com.mysql.jdbc.Util.handleNewInstance(Util.java:404)
	at com.mysql.jdbc.ConnectionImpl.getInstance(ConnectionImpl.java:410)
	at com.mysql.jdbc.NonRegisteringDriver.connect(NonRegisteringDriver.java:328)
	at com.mchange.v2.c3p0.DriverManagerDataSource.getConnection(DriverManagerDataSource.java:172)
	at com.mchange.v2.c3p0.WrapperConnectionPoolDataSource.getPooledConnection(WrapperConnectionPoolDataSource.java:220)
	at com.mchange.v2.c3p0.WrapperConnectionPoolDataSource.getPooledConnection(WrapperConnectionPoolDataSource.java:206)
	at com.mchange.v2.c3p0.impl.C3P0PooledConnectionPool$1PooledConnectionResourcePoolManager.acquireResource(C3P0PooledConnectionPool.java:200)
	at com.mchange.v2.resourcepool.BasicResourcePool.doAcquire(BasicResourcePool.java:1127)
	at com.mchange.v2.resourcepool.BasicResourcePool.doAcquireAndDecrementPendingAcquiresWithinLockOnSuccess(BasicResourcePool.java:1114)
	at com.mchange.v2.resourcepool.BasicResourcePool.access$800(BasicResourcePool.java:44)
	at com.mchange.v2.resourcepool.BasicResourcePool$ScatteredAcquireTask.run(BasicResourcePool.java:1855)
	at com.mchange.v2.async.ThreadPoolAsynchronousRunner$PoolThread.run(ThreadPoolAsynchronousRunner.java:696)
[mybatis_demo2][WARN] [2017-06-15 19:41:07] com.mchange.v2.resourcepool.BasicResourcePool.forceKillAcquires(935) | Having failed to acquire a resource, com.mchange.v2.resourcepool.BasicResourcePool@137fd5 is interrupting all Threads waiting on a resource to check out. Will try again in response to new client requests.
[mybatis_demo2][WARN] [2017-06-15 19:41:07] com.mchange.v2.resourcepool.BasicResourcePool$ScatteredAcquireTask.run(1896) | com.mchange.v2.resourcepool.BasicResourcePool$ScatteredAcquireTask@21abc3 -- Acquisition Attempt Failed!!! Clearing pending acquires. While trying to acquire a needed new resource, we failed to succeed more than the maximum number of allowed acquisition attempts (30). Last acquisition attempt exception: 
java.sql.SQLException: Access denied for user 'root'@'localhost' (using password: YES)
	at com.mysql.jdbc.SQLError.createSQLException(SQLError.java:963)
	at com.mysql.jdbc.MysqlIO.checkErrorPacket(MysqlIO.java:3966)
	at com.mysql.jdbc.MysqlIO.checkErrorPacket(MysqlIO.java:3902)
	at com.mysql.jdbc.MysqlIO.checkErrorPacket(MysqlIO.java:875)
	at com.mysql.jdbc.MysqlIO.proceedHandshakeWithPluggableAuthentication(MysqlIO.java:1712)
	at com.mysql.jdbc.MysqlIO.doHandshake(MysqlIO.java:1228)
	at com.mysql.jdbc.ConnectionImpl.coreConnect(ConnectionImpl.java:2253)
	at com.mysql.jdbc.ConnectionImpl.connectOneTryOnly(ConnectionImpl.java:2284)
	at com.mysql.jdbc.ConnectionImpl.createNewIO(ConnectionImpl.java:2083)
	at com.mysql.jdbc.ConnectionImpl.<init>(ConnectionImpl.java:806)
	at com.mysql.jdbc.JDBC4Connection.<init>(JDBC4Connection.java:47)
	at sun.reflect.GeneratedConstructorAccessor7.newInstance(Unknown Source)
	at sun.reflect.DelegatingConstructorAccessorImpl.newInstance(Unknown Source)
	at java.lang.reflect.Constructor.newInstance(Unknown Source)
	at com.mysql.jdbc.Util.handleNewInstance(Util.java:404)
	at com.mysql.jdbc.ConnectionImpl.getInstance(ConnectionImpl.java:410)
	at com.mysql.jdbc.NonRegisteringDriver.connect(NonRegisteringDriver.java:328)
	at com.mchange.v2.c3p0.DriverManagerDataSource.getConnection(DriverManagerDataSource.java:172)
	at com.mchange.v2.c3p0.WrapperConnectionPoolDataSource.getPooledConnection(WrapperConnectionPoolDataSource.java:220)
	at com.mchange.v2.c3p0.WrapperConnectionPoolDataSource.getPooledConnection(WrapperConnectionPoolDataSource.java:206)
	at com.mchange.v2.c3p0.impl.C3P0PooledConnectionPool$1PooledConnectionResourcePoolManager.acquireResource(C3P0PooledConnectionPool.java:200)
	at com.mchange.v2.resourcepool.BasicResourcePool.doAcquire(BasicResourcePool.java:1127)
	at com.mchange.v2.resourcepool.BasicResourcePool.doAcquireAndDecrementPendingAcquiresWithinLockOnSuccess(BasicResourcePool.java:1114)
	at com.mchange.v2.resourcepool.BasicResourcePool.access$800(BasicResourcePool.java:44)
	at com.mchange.v2.resourcepool.BasicResourcePool$ScatteredAcquireTask.run(BasicResourcePool.java:1855)
	at com.mchange.v2.async.ThreadPoolAsynchronousRunner$PoolThread.run(ThreadPoolAsynchronousRunner.java:696)
[mybatis_demo2][WARN] [2017-06-15 19:41:07] com.mchange.v2.resourcepool.BasicResourcePool$ScatteredAcquireTask.run(1896) | com.mchange.v2.resourcepool.BasicResourcePool$ScatteredAcquireTask@38a16b -- Acquisition Attempt Failed!!! Clearing pending acquires. While trying to acquire a needed new resource, we failed to succeed more than the maximum number of allowed acquisition attempts (30). Last acquisition attempt exception: 
java.sql.SQLException: Access denied for user 'root'@'localhost' (using password: YES)
	at com.mysql.jdbc.SQLError.createSQLException(SQLError.java:963)
	at com.mysql.jdbc.MysqlIO.checkErrorPacket(MysqlIO.java:3966)
	at com.mysql.jdbc.MysqlIO.checkErrorPacket(MysqlIO.java:3902)
	at com.mysql.jdbc.MysqlIO.checkErrorPacket(MysqlIO.java:875)
	at com.mysql.jdbc.MysqlIO.proceedHandshakeWithPluggableAuthentication(MysqlIO.java:1712)
	at com.mysql.jdbc.MysqlIO.doHandshake(MysqlIO.java:1228)
	at com.mysql.jdbc.ConnectionImpl.coreConnect(ConnectionImpl.java:2253)
	at com.mysql.jdbc.ConnectionImpl.connectOneTryOnly(ConnectionImpl.java:2284)
	at com.mysql.jdbc.ConnectionImpl.createNewIO(ConnectionImpl.java:2083)
	at com.mysql.jdbc.ConnectionImpl.<init>(ConnectionImpl.java:806)
	at com.mysql.jdbc.JDBC4Connection.<init>(JDBC4Connection.java:47)
	at sun.reflect.GeneratedConstructorAccessor7.newInstance(Unknown Source)
	at sun.reflect.DelegatingConstructorAccessorImpl.newInstance(Unknown Source)
	at java.lang.reflect.Constructor.newInstance(Unknown Source)
	at com.mysql.jdbc.Util.handleNewInstance(Util.java:404)
	at com.mysql.jdbc.ConnectionImpl.getInstance(ConnectionImpl.java:410)
	at com.mysql.jdbc.NonRegisteringDriver.connect(NonRegisteringDriver.java:328)
	at com.mchange.v2.c3p0.DriverManagerDataSource.getConnection(DriverManagerDataSource.java:172)
	at com.mchange.v2.c3p0.WrapperConnectionPoolDataSource.getPooledConnection(WrapperConnectionPoolDataSource.java:220)
	at com.mchange.v2.c3p0.WrapperConnectionPoolDataSource.getPooledConnection(WrapperConnectionPoolDataSource.java:206)
	at com.mchange.v2.c3p0.impl.C3P0PooledConnectionPool$1PooledConnectionResourcePoolManager.acquireResource(C3P0PooledConnectionPool.java:200)
	at com.mchange.v2.resourcepool.BasicResourcePool.doAcquire(BasicResourcePool.java:1127)
	at com.mchange.v2.resourcepool.BasicResourcePool.doAcquireAndDecrementPendingAcquiresWithinLockOnSuccess(BasicResourcePool.java:1114)
	at com.mchange.v2.resourcepool.BasicResourcePool.access$800(BasicResourcePool.java:44)
	at com.mchange.v2.resourcepool.BasicResourcePool$ScatteredAcquireTask.run(BasicResourcePool.java:1855)
	at com.mchange.v2.async.ThreadPoolAsynchronousRunner$PoolThread.run(ThreadPoolAsynchronousRunner.java:696)
[mybatis_demo2][WARN] [2017-06-15 19:41:07] com.mchange.v2.resourcepool.BasicResourcePool.forceKillAcquires(935) | Having failed to acquire a resource, com.mchange.v2.resourcepool.BasicResourcePool@137fd5 is interrupting all Threads waiting on a resource to check out. Will try again in response to new client requests.
[mybatis_demo2][WARN] [2017-06-15 19:41:07] com.mchange.v2.resourcepool.BasicResourcePool.forceKillAcquires(935) | Having failed to acquire a resource, com.mchange.v2.resourcepool.BasicResourcePool@137fd5 is interrupting all Threads waiting on a resource to check out. Will try again in response to new client requests.
[mybatis_demo2][INFO] [2017-06-15 19:41:31] org.springframework.context.support.AbstractApplicationContext.prepareRefresh(581) | Refreshing org.springframework.context.support.ClassPathXmlApplicationContext@2c22f3: startup date [Thu Jun 15 19:41:31 CST 2017]; root of context hierarchy
[mybatis_demo2][INFO] [2017-06-15 19:41:31] org.springframework.beans.factory.xml.XmlBeanDefinitionReader.loadBeanDefinitions(317) | Loading XML bean definitions from class path resource [spring-mybatis.xml]
[mybatis_demo2][INFO] [2017-06-15 19:41:32] com.mchange.v2.log.MLog$1.run(124) | MLog clients using log4j logging.
[mybatis_demo2][INFO] [2017-06-15 19:41:32] com.mchange.v2.c3p0.C3P0Registry.banner(248) | Initializing c3p0-0.9.5-pre10 [built 06-November-2014 02:02:55 -0800; debug? true; trace: 10]
[mybatis_demo2][INFO] [2017-06-15 19:41:33] com.mchange.v2.c3p0.impl.AbstractPoolBackedDataSource.getPoolManager(522) | Initializing c3p0 pool... com.mchange.v2.c3p0.ComboPooledDataSource [ acquireIncrement -> 2, acquireRetryAttempts -> 30, acquireRetryDelay -> 1000, autoCommitOnClose -> false, automaticTestTable -> null, breakAfterAcquireFailure -> false, checkoutTimeout -> 0, connectionCustomizerClassName -> null, connectionTesterClassName -> com.mchange.v2.c3p0.impl.DefaultConnectionTester, contextClassLoaderSource -> caller, dataSourceName -> 1hgeby99o1blne2318v1hkd|139b2f3, debugUnreturnedConnectionStackTraces -> false, description -> null, driverClass -> com.mysql.jdbc.Driver, extensions -> {}, factoryClassLocation -> null, forceIgnoreUnresolvedTransactions -> false, forceUseNamedDriverClass -> false, identityToken -> 1hgeby99o1blne2318v1hkd|139b2f3, idleConnectionTestPeriod -> 120, initialPoolSize -> 3, jdbcUrl -> jdbc:mysql://localhost:3306/scxh?useSSL=true, maxAdministrativeTaskTime -> 0, maxConnectionAge -> 0, maxIdleTime -> 3600, maxIdleTimeExcessConnections -> 0, maxPoolSize -> 3, maxStatements -> 100, maxStatementsPerConnection -> 0, minPoolSize -> 2, numHelperThreads -> 3, preferredTestQuery -> null, privilegeSpawnedThreads -> false, properties -> {user=******, password=******}, propertyCycle -> 0, statementCacheNumDeferredCloseThreads -> 0, testConnectionOnCheckin -> false, testConnectionOnCheckout -> false, unreturnedConnectionTimeout -> 0, userOverrides -> {}, usesTraditionalReflectiveProxies -> false ]
[mybatis_demo2][WARN] [2017-06-15 19:42:05] com.mchange.v2.resourcepool.BasicResourcePool$ScatteredAcquireTask.run(1896) | com.mchange.v2.resourcepool.BasicResourcePool$ScatteredAcquireTask@1abd0b8 -- Acquisition Attempt Failed!!! Clearing pending acquires. While trying to acquire a needed new resource, we failed to succeed more than the maximum number of allowed acquisition attempts (30). Last acquisition attempt exception: 
com.mysql.jdbc.exceptions.jdbc4.MySQLSyntaxErrorException: Unknown database 'scxh'
	at sun.reflect.GeneratedConstructorAccessor8.newInstance(Unknown Source)
	at sun.reflect.DelegatingConstructorAccessorImpl.newInstance(Unknown Source)
	at java.lang.reflect.Constructor.newInstance(Unknown Source)
	at com.mysql.jdbc.Util.handleNewInstance(Util.java:404)
	at com.mysql.jdbc.Util.getInstance(Util.java:387)
	at com.mysql.jdbc.SQLError.createSQLException(SQLError.java:942)
	at com.mysql.jdbc.MysqlIO.checkErrorPacket(MysqlIO.java:3966)
	at com.mysql.jdbc.MysqlIO.checkErrorPacket(MysqlIO.java:3902)
	at com.mysql.jdbc.MysqlIO.checkErrorPacket(MysqlIO.java:875)
	at com.mysql.jdbc.MysqlIO.proceedHandshakeWithPluggableAuthentication(MysqlIO.java:1712)
	at com.mysql.jdbc.MysqlIO.doHandshake(MysqlIO.java:1228)
	at com.mysql.jdbc.ConnectionImpl.coreConnect(ConnectionImpl.java:2253)
	at com.mysql.jdbc.ConnectionImpl.connectOneTryOnly(ConnectionImpl.java:2284)
	at com.mysql.jdbc.ConnectionImpl.createNewIO(ConnectionImpl.java:2083)
	at com.mysql.jdbc.ConnectionImpl.<init>(ConnectionImpl.java:806)
	at com.mysql.jdbc.JDBC4Connection.<init>(JDBC4Connection.java:47)
	at sun.reflect.GeneratedConstructorAccessor9.newInstance(Unknown Source)
	at sun.reflect.DelegatingConstructorAccessorImpl.newInstance(Unknown Source)
	at java.lang.reflect.Constructor.newInstance(Unknown Source)
	at com.mysql.jdbc.Util.handleNewInstance(Util.java:404)
	at com.mysql.jdbc.ConnectionImpl.getInstance(ConnectionImpl.java:410)
	at com.mysql.jdbc.NonRegisteringDriver.connect(NonRegisteringDriver.java:328)
	at com.mchange.v2.c3p0.DriverManagerDataSource.getConnection(DriverManagerDataSource.java:172)
	at com.mchange.v2.c3p0.WrapperConnectionPoolDataSource.getPooledConnection(WrapperConnectionPoolDataSource.java:220)
	at com.mchange.v2.c3p0.WrapperConnectionPoolDataSource.getPooledConnection(WrapperConnectionPoolDataSource.java:206)
	at com.mchange.v2.c3p0.impl.C3P0PooledConnectionPool$1PooledConnectionResourcePoolManager.acquireResource(C3P0PooledConnectionPool.java:200)
	at com.mchange.v2.resourcepool.BasicResourcePool.doAcquire(BasicResourcePool.java:1127)
	at com.mchange.v2.resourcepool.BasicResourcePool.doAcquireAndDecrementPendingAcquiresWithinLockOnSuccess(BasicResourcePool.java:1114)
	at com.mchange.v2.resourcepool.BasicResourcePool.access$800(BasicResourcePool.java:44)
	at com.mchange.v2.resourcepool.BasicResourcePool$ScatteredAcquireTask.run(BasicResourcePool.java:1855)
	at com.mchange.v2.async.ThreadPoolAsynchronousRunner$PoolThread.run(ThreadPoolAsynchronousRunner.java:696)
[mybatis_demo2][WARN] [2017-06-15 19:42:05] com.mchange.v2.resourcepool.BasicResourcePool.forceKillAcquires(935) | Having failed to acquire a resource, com.mchange.v2.resourcepool.BasicResourcePool@137fd5 is interrupting all Threads waiting on a resource to check out. Will try again in response to new client requests.
[mybatis_demo2][WARN] [2017-06-15 19:42:05] com.mchange.v2.resourcepool.BasicResourcePool$ScatteredAcquireTask.run(1896) | com.mchange.v2.resourcepool.BasicResourcePool$ScatteredAcquireTask@198c6a1 -- Acquisition Attempt Failed!!! Clearing pending acquires. While trying to acquire a needed new resource, we failed to succeed more than the maximum number of allowed acquisition attempts (30). Last acquisition attempt exception: 
com.mysql.jdbc.exceptions.jdbc4.MySQLSyntaxErrorException: Unknown database 'scxh'
	at sun.reflect.GeneratedConstructorAccessor8.newInstance(Unknown Source)
	at sun.reflect.DelegatingConstructorAccessorImpl.newInstance(Unknown Source)
	at java.lang.reflect.Constructor.newInstance(Unknown Source)
	at com.mysql.jdbc.Util.handleNewInstance(Util.java:404)
	at com.mysql.jdbc.Util.getInstance(Util.java:387)
	at com.mysql.jdbc.SQLError.createSQLException(SQLError.java:942)
	at com.mysql.jdbc.MysqlIO.checkErrorPacket(MysqlIO.java:3966)
	at com.mysql.jdbc.MysqlIO.checkErrorPacket(MysqlIO.java:3902)
	at com.mysql.jdbc.MysqlIO.checkErrorPacket(MysqlIO.java:875)
	at com.mysql.jdbc.MysqlIO.proceedHandshakeWithPluggableAuthentication(MysqlIO.java:1712)
	at com.mysql.jdbc.MysqlIO.doHandshake(MysqlIO.java:1228)
	at com.mysql.jdbc.ConnectionImpl.coreConnect(ConnectionImpl.java:2253)
	at com.mysql.jdbc.ConnectionImpl.connectOneTryOnly(ConnectionImpl.java:2284)
	at com.mysql.jdbc.ConnectionImpl.createNewIO(ConnectionImpl.java:2083)
	at com.mysql.jdbc.ConnectionImpl.<init>(ConnectionImpl.java:806)
	at com.mysql.jdbc.JDBC4Connection.<init>(JDBC4Connection.java:47)
	at sun.reflect.GeneratedConstructorAccessor9.newInstance(Unknown Source)
	at sun.reflect.DelegatingConstructorAccessorImpl.newInstance(Unknown Source)
	at java.lang.reflect.Constructor.newInstance(Unknown Source)
	at com.mysql.jdbc.Util.handleNewInstance(Util.java:404)
	at com.mysql.jdbc.ConnectionImpl.getInstance(ConnectionImpl.java:410)
	at com.mysql.jdbc.NonRegisteringDriver.connect(NonRegisteringDriver.java:328)
	at com.mchange.v2.c3p0.DriverManagerDataSource.getConnection(DriverManagerDataSource.java:172)
	at com.mchange.v2.c3p0.WrapperConnectionPoolDataSource.getPooledConnection(WrapperConnectionPoolDataSource.java:220)
	at com.mchange.v2.c3p0.WrapperConnectionPoolDataSource.getPooledConnection(WrapperConnectionPoolDataSource.java:206)
	at com.mchange.v2.c3p0.impl.C3P0PooledConnectionPool$1PooledConnectionResourcePoolManager.acquireResource(C3P0PooledConnectionPool.java:200)
	at com.mchange.v2.resourcepool.BasicResourcePool.doAcquire(BasicResourcePool.java:1127)
	at com.mchange.v2.resourcepool.BasicResourcePool.doAcquireAndDecrementPendingAcquiresWithinLockOnSuccess(BasicResourcePool.java:1114)
	at com.mchange.v2.resourcepool.BasicResourcePool.access$800(BasicResourcePool.java:44)
	at com.mchange.v2.resourcepool.BasicResourcePool$ScatteredAcquireTask.run(BasicResourcePool.java:1855)
	at com.mchange.v2.async.ThreadPoolAsynchronousRunner$PoolThread.run(ThreadPoolAsynchronousRunner.java:696)
[mybatis_demo2][WARN] [2017-06-15 19:42:05] com.mchange.v2.resourcepool.BasicResourcePool.forceKillAcquires(935) | Having failed to acquire a resource, com.mchange.v2.resourcepool.BasicResourcePool@137fd5 is interrupting all Threads waiting on a resource to check out. Will try again in response to new client requests.
[mybatis_demo2][INFO] [2017-06-15 19:44:03] org.springframework.context.support.AbstractApplicationContext.prepareRefresh(581) | Refreshing org.springframework.context.support.ClassPathXmlApplicationContext@2c22f3: startup date [Thu Jun 15 19:44:03 CST 2017]; root of context hierarchy
[mybatis_demo2][INFO] [2017-06-15 19:44:03] org.springframework.beans.factory.xml.XmlBeanDefinitionReader.loadBeanDefinitions(317) | Loading XML bean definitions from class path resource [spring-mybatis.xml]
[mybatis_demo2][INFO] [2017-06-15 19:44:03] com.mchange.v2.log.MLog$1.run(124) | MLog clients using log4j logging.
[mybatis_demo2][INFO] [2017-06-15 19:44:04] com.mchange.v2.c3p0.C3P0Registry.banner(248) | Initializing c3p0-0.9.5-pre10 [built 06-November-2014 02:02:55 -0800; debug? true; trace: 10]
[mybatis_demo2][INFO] [2017-06-15 19:44:05] com.mchange.v2.c3p0.impl.AbstractPoolBackedDataSource.getPoolManager(522) | Initializing c3p0 pool... com.mchange.v2.c3p0.ComboPooledDataSource [ acquireIncrement -> 2, acquireRetryAttempts -> 30, acquireRetryDelay -> 1000, autoCommitOnClose -> false, automaticTestTable -> null, breakAfterAcquireFailure -> false, checkoutTimeout -> 0, connectionCustomizerClassName -> null, connectionTesterClassName -> com.mchange.v2.c3p0.impl.DefaultConnectionTester, contextClassLoaderSource -> caller, dataSourceName -> 1hgeby99o1blqmyy27gqit|139b2f3, debugUnreturnedConnectionStackTraces -> false, description -> null, driverClass -> com.mysql.jdbc.Driver, extensions -> {}, factoryClassLocation -> null, forceIgnoreUnresolvedTransactions -> false, forceUseNamedDriverClass -> false, identityToken -> 1hgeby99o1blqmyy27gqit|139b2f3, idleConnectionTestPeriod -> 120, initialPoolSize -> 3, jdbcUrl -> jdbc:mysql://localhost:3306/mybatis_relation_db?useSSL=true, maxAdministrativeTaskTime -> 0, maxConnectionAge -> 0, maxIdleTime -> 3600, maxIdleTimeExcessConnections -> 0, maxPoolSize -> 3, maxStatements -> 100, maxStatementsPerConnection -> 0, minPoolSize -> 2, numHelperThreads -> 3, preferredTestQuery -> null, privilegeSpawnedThreads -> false, properties -> {user=******, password=******}, propertyCycle -> 0, statementCacheNumDeferredCloseThreads -> 0, testConnectionOnCheckin -> false, testConnectionOnCheckout -> false, unreturnedConnectionTimeout -> 0, userOverrides -> {}, usesTraditionalReflectiveProxies -> false ]
[mybatis_demo2][INFO] [2017-06-15 19:44:06] com.ittx.mybatis.demo1.UserDaoTest.testSelectUserByID(29) | {id: O_00001, number: 00001, price: 100}
[mybatis_demo2][INFO] [2017-06-15 19:44:06] com.ittx.mybatis.demo1.UserDaoTest.testSelectUserByID(31) | {id: 001, name: Jack, address: Wuhan, tel: 1234567}
[mybatis_demo2][INFO] [2017-06-15 19:59:40] org.springframework.context.support.AbstractApplicationContext.prepareRefresh(581) | Refreshing org.springframework.context.support.ClassPathXmlApplicationContext@2c22f3: startup date [Thu Jun 15 19:59:40 CST 2017]; root of context hierarchy
[mybatis_demo2][INFO] [2017-06-15 19:59:40] org.springframework.beans.factory.xml.XmlBeanDefinitionReader.loadBeanDefinitions(317) | Loading XML bean definitions from class path resource [spring-mybatis.xml]
[mybatis_demo2][INFO] [2017-06-15 19:59:42] com.mchange.v2.log.MLog$1.run(124) | MLog clients using log4j logging.
[mybatis_demo2][INFO] [2017-06-15 19:59:43] com.mchange.v2.c3p0.C3P0Registry.banner(248) | Initializing c3p0-0.9.5-pre10 [built 06-November-2014 02:02:55 -0800; debug? true; trace: 10]
[mybatis_demo2][INFO] [2017-06-15 19:59:45] com.mchange.v2.c3p0.impl.AbstractPoolBackedDataSource.getPoolManager(522) | Initializing c3p0 pool... com.mchange.v2.c3p0.ComboPooledDataSource [ acquireIncrement -> 2, acquireRetryAttempts -> 30, acquireRetryDelay -> 1000, autoCommitOnClose -> false, automaticTestTable -> null, breakAfterAcquireFailure -> false, checkoutTimeout -> 0, connectionCustomizerClassName -> null, connectionTesterClassName -> com.mchange.v2.c3p0.impl.DefaultConnectionTester, contextClassLoaderSource -> caller, dataSourceName -> 1hgeby99o1bmar3p1ll0dy1|139b2f3, debugUnreturnedConnectionStackTraces -> false, description -> null, driverClass -> com.mysql.jdbc.Driver, extensions -> {}, factoryClassLocation -> null, forceIgnoreUnresolvedTransactions -> false, forceUseNamedDriverClass -> false, identityToken -> 1hgeby99o1bmar3p1ll0dy1|139b2f3, idleConnectionTestPeriod -> 120, initialPoolSize -> 3, jdbcUrl -> jdbc:mysql://localhost:3306/mybatis_relation_db?useSSL=true, maxAdministrativeTaskTime -> 0, maxConnectionAge -> 0, maxIdleTime -> 3600, maxIdleTimeExcessConnections -> 0, maxPoolSize -> 3, maxStatements -> 100, maxStatementsPerConnection -> 0, minPoolSize -> 2, numHelperThreads -> 3, preferredTestQuery -> null, privilegeSpawnedThreads -> false, properties -> {user=******, password=******}, propertyCycle -> 0, statementCacheNumDeferredCloseThreads -> 0, testConnectionOnCheckin -> false, testConnectionOnCheckout -> false, unreturnedConnectionTimeout -> 0, userOverrides -> {}, usesTraditionalReflectiveProxies -> false ]
[mybatis_demo2][INFO] [2017-06-15 19:59:46] com.ittx.mybatis.demo1.UserDaoTest.testSelectUserByID(29) | {id: O_00001, number: 00001, price: 100}
[mybatis_demo2][INFO] [2017-06-15 19:59:46] com.ittx.mybatis.demo1.UserDaoTest.testSelectUserByID(31) | {id: 001, name: Jack, address: Wuhan, tel: 1234567}
[mybatis_demo2][INFO] [2017-06-15 20:38:54] org.springframework.context.support.AbstractApplicationContext.prepareRefresh(581) | Refreshing org.springframework.context.support.ClassPathXmlApplicationContext@2c22f3: startup date [Thu Jun 15 20:38:54 CST 2017]; root of context hierarchy
[mybatis_demo2][INFO] [2017-06-15 20:38:54] org.springframework.beans.factory.xml.XmlBeanDefinitionReader.loadBeanDefinitions(317) | Loading XML bean definitions from class path resource [spring-mybatis.xml]
[mybatis_demo2][INFO] [2017-06-15 20:38:55] com.mchange.v2.log.MLog$1.run(124) | MLog clients using log4j logging.
[mybatis_demo2][INFO] [2017-06-15 20:38:56] com.mchange.v2.c3p0.C3P0Registry.banner(248) | Initializing c3p0-0.9.5-pre10 [built 06-November-2014 02:02:55 -0800; debug? true; trace: 10]
[mybatis_demo2][INFO] [2017-06-15 20:38:58] com.mchange.v2.c3p0.impl.AbstractPoolBackedDataSource.getPoolManager(522) | Initializing c3p0 pool... com.mchange.v2.c3p0.ComboPooledDataSource [ acquireIncrement -> 2, acquireRetryAttempts -> 30, acquireRetryDelay -> 1000, autoCommitOnClose -> false, automaticTestTable -> null, breakAfterAcquireFailure -> false, checkoutTimeout -> 0, connectionCustomizerClassName -> null, connectionTesterClassName -> com.mchange.v2.c3p0.impl.DefaultConnectionTester, contextClassLoaderSource -> caller, dataSourceName -> 1hgeby99o1bnp74hu94vme|139b2f3, debugUnreturnedConnectionStackTraces -> false, description -> null, driverClass -> com.mysql.jdbc.Driver, extensions -> {}, factoryClassLocation -> null, forceIgnoreUnresolvedTransactions -> false, forceUseNamedDriverClass -> false, identityToken -> 1hgeby99o1bnp74hu94vme|139b2f3, idleConnectionTestPeriod -> 120, initialPoolSize -> 3, jdbcUrl -> jdbc:mysql://localhost:3306/mybatis_relation_db?useSSL=true, maxAdministrativeTaskTime -> 0, maxConnectionAge -> 0, maxIdleTime -> 3600, maxIdleTimeExcessConnections -> 0, maxPoolSize -> 3, maxStatements -> 100, maxStatementsPerConnection -> 0, minPoolSize -> 2, numHelperThreads -> 3, preferredTestQuery -> null, privilegeSpawnedThreads -> false, properties -> {user=******, password=******}, propertyCycle -> 0, statementCacheNumDeferredCloseThreads -> 0, testConnectionOnCheckin -> false, testConnectionOnCheckout -> false, unreturnedConnectionTimeout -> 0, userOverrides -> {}, usesTraditionalReflectiveProxies -> false ]
[mybatis_demo2][INFO] [2017-06-15 20:39:00] com.ittx.mybatis.demo1.UserDaoTest.testSelectUserByID(29) | {id: O_00001, number: 00001, price: 100}
[mybatis_demo2][INFO] [2017-06-15 20:39:00] com.ittx.mybatis.demo1.UserDaoTest.testSelectUserByID(31) | 
[mybatis_demo2][INFO] [2017-06-15 20:40:19] org.springframework.context.support.AbstractApplicationContext.prepareRefresh(581) | Refreshing org.springframework.context.support.ClassPathXmlApplicationContext@2c22f3: startup date [Thu Jun 15 20:40:19 CST 2017]; root of context hierarchy
[mybatis_demo2][INFO] [2017-06-15 20:40:19] org.springframework.beans.factory.xml.XmlBeanDefinitionReader.loadBeanDefinitions(317) | Loading XML bean definitions from class path resource [spring-mybatis.xml]
[mybatis_demo2][INFO] [2017-06-15 20:40:20] com.mchange.v2.log.MLog$1.run(124) | MLog clients using log4j logging.
[mybatis_demo2][INFO] [2017-06-15 20:40:20] com.mchange.v2.c3p0.C3P0Registry.banner(248) | Initializing c3p0-0.9.5-pre10 [built 06-November-2014 02:02:55 -0800; debug? true; trace: 10]
[mybatis_demo2][INFO] [2017-06-15 20:40:21] com.mchange.v2.c3p0.impl.AbstractPoolBackedDataSource.getPoolManager(522) | Initializing c3p0 pool... com.mchange.v2.c3p0.ComboPooledDataSource [ acquireIncrement -> 2, acquireRetryAttempts -> 30, acquireRetryDelay -> 1000, autoCommitOnClose -> false, automaticTestTable -> null, breakAfterAcquireFailure -> false, checkoutTimeout -> 0, connectionCustomizerClassName -> null, connectionTesterClassName -> com.mchange.v2.c3p0.impl.DefaultConnectionTester, contextClassLoaderSource -> caller, dataSourceName -> 1hgeby99o1bnr03bgito4h|139b2f3, debugUnreturnedConnectionStackTraces -> false, description -> null, driverClass -> com.mysql.jdbc.Driver, extensions -> {}, factoryClassLocation -> null, forceIgnoreUnresolvedTransactions -> false, forceUseNamedDriverClass -> false, identityToken -> 1hgeby99o1bnr03bgito4h|139b2f3, idleConnectionTestPeriod -> 120, initialPoolSize -> 3, jdbcUrl -> jdbc:mysql://localhost:3306/mybatis_relation_db?useSSL=true, maxAdministrativeTaskTime -> 0, maxConnectionAge -> 0, maxIdleTime -> 3600, maxIdleTimeExcessConnections -> 0, maxPoolSize -> 3, maxStatements -> 100, maxStatementsPerConnection -> 0, minPoolSize -> 2, numHelperThreads -> 3, preferredTestQuery -> null, privilegeSpawnedThreads -> false, properties -> {user=******, password=******}, propertyCycle -> 0, statementCacheNumDeferredCloseThreads -> 0, testConnectionOnCheckin -> false, testConnectionOnCheckout -> false, unreturnedConnectionTimeout -> 0, userOverrides -> {}, usesTraditionalReflectiveProxies -> false ]
[mybatis_demo2][INFO] [2017-06-15 20:40:21] com.ittx.mybatis.demo1.UserDaoTest.testSelectUserByID(29) | {id: O_00001, number: 00001, price: 100}
[mybatis_demo2][INFO] [2017-06-15 20:40:21] com.ittx.mybatis.demo1.UserDaoTest.testSelectUserByID(31) | {id: 001, name: Jack, address: Wuhan, tel: 1234567}
[mybatis_demo2][INFO] [2017-06-15 20:46:41] org.springframework.context.support.AbstractApplicationContext.prepareRefresh(581) | Refreshing org.springframework.context.support.ClassPathXmlApplicationContext@2c22f3: startup date [Thu Jun 15 20:46:41 CST 2017]; root of context hierarchy
[mybatis_demo2][INFO] [2017-06-15 20:46:41] org.springframework.beans.factory.xml.XmlBeanDefinitionReader.loadBeanDefinitions(317) | Loading XML bean definitions from class path resource [spring-mybatis.xml]
[mybatis_demo2][INFO] [2017-06-15 20:46:42] com.mchange.v2.log.MLog$1.run(124) | MLog clients using log4j logging.
[mybatis_demo2][INFO] [2017-06-15 20:46:42] com.mchange.v2.c3p0.C3P0Registry.banner(248) | Initializing c3p0-0.9.5-pre10 [built 06-November-2014 02:02:55 -0800; debug? true; trace: 10]
[mybatis_demo2][INFO] [2017-06-15 20:46:43] com.mchange.v2.c3p0.impl.AbstractPoolBackedDataSource.getPoolManager(522) | Initializing c3p0 pool... com.mchange.v2.c3p0.ComboPooledDataSource [ acquireIncrement -> 2, acquireRetryAttempts -> 30, acquireRetryDelay -> 1000, autoCommitOnClose -> false, automaticTestTable -> null, breakAfterAcquireFailure -> false, checkoutTimeout -> 0, connectionCustomizerClassName -> null, connectionTesterClassName -> com.mchange.v2.c3p0.impl.DefaultConnectionTester, contextClassLoaderSource -> caller, dataSourceName -> 1hgeby99o1bnz6vrvh1904|139b2f3, debugUnreturnedConnectionStackTraces -> false, description -> null, driverClass -> com.mysql.jdbc.Driver, extensions -> {}, factoryClassLocation -> null, forceIgnoreUnresolvedTransactions -> false, forceUseNamedDriverClass -> false, identityToken -> 1hgeby99o1bnz6vrvh1904|139b2f3, idleConnectionTestPeriod -> 120, initialPoolSize -> 3, jdbcUrl -> jdbc:mysql://localhost:3306/mybatis_relation_db?useSSL=true, maxAdministrativeTaskTime -> 0, maxConnectionAge -> 0, maxIdleTime -> 3600, maxIdleTimeExcessConnections -> 0, maxPoolSize -> 3, maxStatements -> 100, maxStatementsPerConnection -> 0, minPoolSize -> 2, numHelperThreads -> 3, preferredTestQuery -> null, privilegeSpawnedThreads -> false, properties -> {user=******, password=******}, propertyCycle -> 0, statementCacheNumDeferredCloseThreads -> 0, testConnectionOnCheckin -> false, testConnectionOnCheckout -> false, unreturnedConnectionTimeout -> 0, userOverrides -> {}, usesTraditionalReflectiveProxies -> false ]
[mybatis_demo2][INFO] [2017-06-15 20:46:43] com.ittx.mybatis.demo1.UserDaoTest.testSelectPersonById(37) | {id: 001, name: Jack, address: Wuhan, tel: 1234567}
[mybatis_demo2][INFO] [2017-06-15 20:46:43] com.ittx.mybatis.demo1.UserDaoTest.testSelectPersonById(40) | {id: O_00001, number: 00001, price: 100}
[mybatis_demo2][INFO] [2017-06-15 20:46:43] com.ittx.mybatis.demo1.UserDaoTest.testSelectPersonById(40) | {id: O_00002, number: 00002, price: 200}
[mybatis_demo2][INFO] [2017-06-15 20:48:03] org.springframework.context.support.AbstractApplicationContext.prepareRefresh(581) | Refreshing org.springframework.context.support.ClassPathXmlApplicationContext@2c22f3: startup date [Thu Jun 15 20:48:03 CST 2017]; root of context hierarchy
[mybatis_demo2][INFO] [2017-06-15 20:48:03] org.springframework.beans.factory.xml.XmlBeanDefinitionReader.loadBeanDefinitions(317) | Loading XML bean definitions from class path resource [spring-mybatis.xml]
[mybatis_demo2][INFO] [2017-06-15 20:48:03] com.mchange.v2.log.MLog$1.run(124) | MLog clients using log4j logging.
[mybatis_demo2][INFO] [2017-06-15 20:48:04] com.mchange.v2.c3p0.C3P0Registry.banner(248) | Initializing c3p0-0.9.5-pre10 [built 06-November-2014 02:02:55 -0800; debug? true; trace: 10]
[mybatis_demo2][INFO] [2017-06-15 20:48:04] com.mchange.v2.c3p0.impl.AbstractPoolBackedDataSource.getPoolManager(522) | Initializing c3p0 pool... com.mchange.v2.c3p0.ComboPooledDataSource [ acquireIncrement -> 2, acquireRetryAttempts -> 30, acquireRetryDelay -> 1000, autoCommitOnClose -> false, automaticTestTable -> null, breakAfterAcquireFailure -> false, checkoutTimeout -> 0, connectionCustomizerClassName -> null, connectionTesterClassName -> com.mchange.v2.c3p0.impl.DefaultConnectionTester, contextClassLoaderSource -> caller, dataSourceName -> 1hgeby99o1bo0xp61qexp6p|139b2f3, debugUnreturnedConnectionStackTraces -> false, description -> null, driverClass -> com.mysql.jdbc.Driver, extensions -> {}, factoryClassLocation -> null, forceIgnoreUnresolvedTransactions -> false, forceUseNamedDriverClass -> false, identityToken -> 1hgeby99o1bo0xp61qexp6p|139b2f3, idleConnectionTestPeriod -> 120, initialPoolSize -> 3, jdbcUrl -> jdbc:mysql://localhost:3306/mybatis_relation_db?useSSL=true, maxAdministrativeTaskTime -> 0, maxConnectionAge -> 0, maxIdleTime -> 3600, maxIdleTimeExcessConnections -> 0, maxPoolSize -> 3, maxStatements -> 100, maxStatementsPerConnection -> 0, minPoolSize -> 2, numHelperThreads -> 3, preferredTestQuery -> null, privilegeSpawnedThreads -> false, properties -> {user=******, password=******}, propertyCycle -> 0, statementCacheNumDeferredCloseThreads -> 0, testConnectionOnCheckin -> false, testConnectionOnCheckout -> false, unreturnedConnectionTimeout -> 0, userOverrides -> {}, usesTraditionalReflectiveProxies -> false ]
[mybatis_demo2][INFO] [2017-06-15 20:48:05] com.ittx.mybatis.demo1.UserDaoTest.testSelectPersonById(37) | {id: 001, name: Jack, address: Wuhan, tel: 1234567}
[mybatis_demo2][INFO] [2017-06-15 20:48:05] com.ittx.mybatis.demo1.UserDaoTest.testSelectPersonById(40) | {id: O_00001, number: 00001, price: 100}
[mybatis_demo2][INFO] [2017-06-15 20:48:05] com.ittx.mybatis.demo1.UserDaoTest.testSelectPersonById(40) | {id: O_00002, number: 00002, price: 200}
